2025-07-05 10:12:39,868 INFO: Flask application startup [in /mnt/c/Users/M3hrad/Documents/Dev/Job-Projects/Cosmetic-Surgent-AI/Cosmetic-Surgent-Telegram-Bot/Bot_Integrated/../secure_dashboard.py:49]
2025-07-05 10:12:43,012 ERROR: Exception on /favicon.ico [GET] [in /mnt/c/Users/M3hrad/Documents/Dev/Job-Projects/Cosmetic-Surgent-AI/Cosmetic-Surgent-Telegram-Bot/venv/lib/python3.13/site-packages/flask/app.py:875]
Traceback (most recent call last):
  File "/mnt/c/Users/M3hrad/Documents/Dev/Job-Projects/Cosmetic-Surgent-AI/Cosmetic-Surgent-Telegram-Bot/venv/lib/python3.13/site-packages/flask/app.py", line 917, in full_dispatch_request
    rv = self.dispatch_request()
  File "/mnt/c/Users/M3hrad/Documents/Dev/Job-Projects/Cosmetic-Surgent-AI/Cosmetic-Surgent-Telegram-Bot/venv/lib/python3.13/site-packages/flask/app.py", line 891, in dispatch_request
    self.raise_routing_exception(req)
    ~~~~~~~~~~~~~~~~~~~~~~~~~~~~^^^^^
  File "/mnt/c/Users/M3hrad/Documents/Dev/Job-Projects/Cosmetic-Surgent-AI/Cosmetic-Surgent-Telegram-Bot/venv/lib/python3.13/site-packages/flask/app.py", line 500, in raise_routing_exception
    raise request.routing_exception  # type: ignore[misc]
    ^^^^^^^^^^^^^^^^^^^^^^^^^^^^^^^
  File "/mnt/c/Users/M3hrad/Documents/Dev/Job-Projects/Cosmetic-Surgent-AI/Cosmetic-Surgent-Telegram-Bot/venv/lib/python3.13/site-packages/flask/ctx.py", line 362, in match_request
    result = self.url_adapter.match(return_rule=True)  # type: ignore
  File "/mnt/c/Users/M3hrad/Documents/Dev/Job-Projects/Cosmetic-Surgent-AI/Cosmetic-Surgent-Telegram-Bot/venv/lib/python3.13/site-packages/werkzeug/routing/map.py", line 629, in match
    raise NotFound() from None
werkzeug.exceptions.NotFound: 404 Not Found: The requested URL was not found on the server. If you entered the URL manually please check your spelling and try again.

During handling of the above exception, another exception occurred:

Traceback (most recent call last):
  File "/mnt/c/Users/M3hrad/Documents/Dev/Job-Projects/Cosmetic-Surgent-AI/Cosmetic-Surgent-Telegram-Bot/venv/lib/python3.13/site-packages/flask/app.py", line 1511, in wsgi_app
    response = self.full_dispatch_request()
  File "/mnt/c/Users/M3hrad/Documents/Dev/Job-Projects/Cosmetic-Surgent-AI/Cosmetic-Surgent-Telegram-Bot/venv/lib/python3.13/site-packages/flask/app.py", line 919, in full_dispatch_request
    rv = self.handle_user_exception(e)
  File "/mnt/c/Users/M3hrad/Documents/Dev/Job-Projects/Cosmetic-Surgent-AI/Cosmetic-Surgent-Telegram-Bot/venv/lib/python3.13/site-packages/flask/app.py", line 802, in handle_user_exception
    return self.handle_http_exception(e)
           ~~~~~~~~~~~~~~~~~~~~~~~~~~^^^
  File "/mnt/c/Users/M3hrad/Documents/Dev/Job-Projects/Cosmetic-Surgent-AI/Cosmetic-Surgent-Telegram-Bot/venv/lib/python3.13/site-packages/flask/app.py", line 777, in handle_http_exception
    return self.ensure_sync(handler)(e)  # type: ignore[no-any-return]
           ~~~~~~~~~~~~~~~~~~~~~~~~~^^^
  File "/mnt/c/Users/M3hrad/Documents/Dev/Job-Projects/Cosmetic-Surgent-AI/Cosmetic-Surgent-Telegram-Bot/Bot_Integrated/../secure_dashboard.py", line 114, in not_found_error
    return render_template('404.html'), 404
           ~~~~~~~~~~~~~~~^^^^^^^^^^^^
  File "/mnt/c/Users/M3hrad/Documents/Dev/Job-Projects/Cosmetic-Surgent-AI/Cosmetic-Surgent-Telegram-Bot/venv/lib/python3.13/site-packages/flask/templating.py", line 149, in render_template
    template = app.jinja_env.get_or_select_template(template_name_or_list)
  File "/mnt/c/Users/M3hrad/Documents/Dev/Job-Projects/Cosmetic-Surgent-AI/Cosmetic-Surgent-Telegram-Bot/venv/lib/python3.13/site-packages/jinja2/environment.py", line 1087, in get_or_select_template
    return self.get_template(template_name_or_list, parent, globals)
           ~~~~~~~~~~~~~~~~~^^^^^^^^^^^^^^^^^^^^^^^^^^^^^^^^^^^^^^^^
  File "/mnt/c/Users/M3hrad/Documents/Dev/Job-Projects/Cosmetic-Surgent-AI/Cosmetic-Surgent-Telegram-Bot/venv/lib/python3.13/site-packages/jinja2/environment.py", line 1016, in get_template
    return self._load_template(name, globals)
           ~~~~~~~~~~~~~~~~~~~^^^^^^^^^^^^^^^
  File "/mnt/c/Users/M3hrad/Documents/Dev/Job-Projects/Cosmetic-Surgent-AI/Cosmetic-Surgent-Telegram-Bot/venv/lib/python3.13/site-packages/jinja2/environment.py", line 975, in _load_template
    template = self.loader.load(self, name, self.make_globals(globals))
  File "/mnt/c/Users/M3hrad/Documents/Dev/Job-Projects/Cosmetic-Surgent-AI/Cosmetic-Surgent-Telegram-Bot/venv/lib/python3.13/site-packages/jinja2/loaders.py", line 126, in load
    source, filename, uptodate = self.get_source(environment, name)
                                 ~~~~~~~~~~~~~~~^^^^^^^^^^^^^^^^^^^
  File "/mnt/c/Users/M3hrad/Documents/Dev/Job-Projects/Cosmetic-Surgent-AI/Cosmetic-Surgent-Telegram-Bot/venv/lib/python3.13/site-packages/flask/templating.py", line 65, in get_source
    return self._get_source_fast(environment, template)
           ~~~~~~~~~~~~~~~~~~~~~^^^^^^^^^^^^^^^^^^^^^^^
  File "/mnt/c/Users/M3hrad/Documents/Dev/Job-Projects/Cosmetic-Surgent-AI/Cosmetic-Surgent-Telegram-Bot/venv/lib/python3.13/site-packages/flask/templating.py", line 99, in _get_source_fast
    raise TemplateNotFound(template)
jinja2.exceptions.TemplateNotFound: 404.html
2025-07-05 10:12:43,032 ERROR: Server Error: 500 Internal Server Error: The server encountered an internal error and was unable to complete your request. Either the server is overloaded or there is an error in the application. [in /mnt/c/Users/M3hrad/Documents/Dev/Job-Projects/Cosmetic-Surgent-AI/Cosmetic-Surgent-Telegram-Bot/Bot_Integrated/../secure_dashboard.py:118]
2025-07-05 10:12:48,346 INFO: Successful login for user: admin [in /mnt/c/Users/M3hrad/Documents/Dev/Job-Projects/Cosmetic-Surgent-AI/Cosmetic-Surgent-Telegram-Bot/Bot_Integrated/../secure_dashboard.py:136]
2025-07-05 10:12:48,632 ERROR: Dashboard error: no such table: users [in /mnt/c/Users/M3hrad/Documents/Dev/Job-Projects/Cosmetic-Surgent-AI/Cosmetic-Surgent-Telegram-Bot/Bot_Integrated/../secure_dashboard.py:175]
2025-07-05 10:12:48,945 ERROR: Exception on /favicon.ico [GET] [in /mnt/c/Users/M3hrad/Documents/Dev/Job-Projects/Cosmetic-Surgent-AI/Cosmetic-Surgent-Telegram-Bot/venv/lib/python3.13/site-packages/flask/app.py:875]
Traceback (most recent call last):
  File "/mnt/c/Users/M3hrad/Documents/Dev/Job-Projects/Cosmetic-Surgent-AI/Cosmetic-Surgent-Telegram-Bot/venv/lib/python3.13/site-packages/flask/app.py", line 917, in full_dispatch_request
    rv = self.dispatch_request()
  File "/mnt/c/Users/M3hrad/Documents/Dev/Job-Projects/Cosmetic-Surgent-AI/Cosmetic-Surgent-Telegram-Bot/venv/lib/python3.13/site-packages/flask/app.py", line 891, in dispatch_request
    self.raise_routing_exception(req)
    ~~~~~~~~~~~~~~~~~~~~~~~~~~~~^^^^^
  File "/mnt/c/Users/M3hrad/Documents/Dev/Job-Projects/Cosmetic-Surgent-AI/Cosmetic-Surgent-Telegram-Bot/venv/lib/python3.13/site-packages/flask/app.py", line 500, in raise_routing_exception
    raise request.routing_exception  # type: ignore[misc]
    ^^^^^^^^^^^^^^^^^^^^^^^^^^^^^^^
  File "/mnt/c/Users/M3hrad/Documents/Dev/Job-Projects/Cosmetic-Surgent-AI/Cosmetic-Surgent-Telegram-Bot/venv/lib/python3.13/site-packages/flask/ctx.py", line 362, in match_request
    result = self.url_adapter.match(return_rule=True)  # type: ignore
  File "/mnt/c/Users/M3hrad/Documents/Dev/Job-Projects/Cosmetic-Surgent-AI/Cosmetic-Surgent-Telegram-Bot/venv/lib/python3.13/site-packages/werkzeug/routing/map.py", line 629, in match
    raise NotFound() from None
werkzeug.exceptions.NotFound: 404 Not Found: The requested URL was not found on the server. If you entered the URL manually please check your spelling and try again.

During handling of the above exception, another exception occurred:

Traceback (most recent call last):
  File "/mnt/c/Users/M3hrad/Documents/Dev/Job-Projects/Cosmetic-Surgent-AI/Cosmetic-Surgent-Telegram-Bot/venv/lib/python3.13/site-packages/flask/app.py", line 1511, in wsgi_app
    response = self.full_dispatch_request()
  File "/mnt/c/Users/M3hrad/Documents/Dev/Job-Projects/Cosmetic-Surgent-AI/Cosmetic-Surgent-Telegram-Bot/venv/lib/python3.13/site-packages/flask/app.py", line 919, in full_dispatch_request
    rv = self.handle_user_exception(e)
  File "/mnt/c/Users/M3hrad/Documents/Dev/Job-Projects/Cosmetic-Surgent-AI/Cosmetic-Surgent-Telegram-Bot/venv/lib/python3.13/site-packages/flask/app.py", line 802, in handle_user_exception
    return self.handle_http_exception(e)
           ~~~~~~~~~~~~~~~~~~~~~~~~~~^^^
  File "/mnt/c/Users/M3hrad/Documents/Dev/Job-Projects/Cosmetic-Surgent-AI/Cosmetic-Surgent-Telegram-Bot/venv/lib/python3.13/site-packages/flask/app.py", line 777, in handle_http_exception
    return self.ensure_sync(handler)(e)  # type: ignore[no-any-return]
           ~~~~~~~~~~~~~~~~~~~~~~~~~^^^
  File "/mnt/c/Users/M3hrad/Documents/Dev/Job-Projects/Cosmetic-Surgent-AI/Cosmetic-Surgent-Telegram-Bot/Bot_Integrated/../secure_dashboard.py", line 114, in not_found_error
    return render_template('404.html'), 404
           ~~~~~~~~~~~~~~~^^^^^^^^^^^^
  File "/mnt/c/Users/M3hrad/Documents/Dev/Job-Projects/Cosmetic-Surgent-AI/Cosmetic-Surgent-Telegram-Bot/venv/lib/python3.13/site-packages/flask/templating.py", line 149, in render_template
    template = app.jinja_env.get_or_select_template(template_name_or_list)
  File "/mnt/c/Users/M3hrad/Documents/Dev/Job-Projects/Cosmetic-Surgent-AI/Cosmetic-Surgent-Telegram-Bot/venv/lib/python3.13/site-packages/jinja2/environment.py", line 1087, in get_or_select_template
    return self.get_template(template_name_or_list, parent, globals)
           ~~~~~~~~~~~~~~~~~^^^^^^^^^^^^^^^^^^^^^^^^^^^^^^^^^^^^^^^^
  File "/mnt/c/Users/M3hrad/Documents/Dev/Job-Projects/Cosmetic-Surgent-AI/Cosmetic-Surgent-Telegram-Bot/venv/lib/python3.13/site-packages/jinja2/environment.py", line 1016, in get_template
    return self._load_template(name, globals)
           ~~~~~~~~~~~~~~~~~~~^^^^^^^^^^^^^^^
  File "/mnt/c/Users/M3hrad/Documents/Dev/Job-Projects/Cosmetic-Surgent-AI/Cosmetic-Surgent-Telegram-Bot/venv/lib/python3.13/site-packages/jinja2/environment.py", line 975, in _load_template
    template = self.loader.load(self, name, self.make_globals(globals))
  File "/mnt/c/Users/M3hrad/Documents/Dev/Job-Projects/Cosmetic-Surgent-AI/Cosmetic-Surgent-Telegram-Bot/venv/lib/python3.13/site-packages/jinja2/loaders.py", line 126, in load
    source, filename, uptodate = self.get_source(environment, name)
                                 ~~~~~~~~~~~~~~~^^^^^^^^^^^^^^^^^^^
  File "/mnt/c/Users/M3hrad/Documents/Dev/Job-Projects/Cosmetic-Surgent-AI/Cosmetic-Surgent-Telegram-Bot/venv/lib/python3.13/site-packages/flask/templating.py", line 65, in get_source
    return self._get_source_fast(environment, template)
           ~~~~~~~~~~~~~~~~~~~~~^^^^^^^^^^^^^^^^^^^^^^^
  File "/mnt/c/Users/M3hrad/Documents/Dev/Job-Projects/Cosmetic-Surgent-AI/Cosmetic-Surgent-Telegram-Bot/venv/lib/python3.13/site-packages/flask/templating.py", line 99, in _get_source_fast
    raise TemplateNotFound(template)
jinja2.exceptions.TemplateNotFound: 404.html
2025-07-05 10:12:48,950 ERROR: Server Error: 500 Internal Server Error: The server encountered an internal error and was unable to complete your request. Either the server is overloaded or there is an error in the application. [in /mnt/c/Users/M3hrad/Documents/Dev/Job-Projects/Cosmetic-Surgent-AI/Cosmetic-Surgent-Telegram-Bot/Bot_Integrated/../secure_dashboard.py:118]
2025-07-05 10:12:56,304 INFO: Successful login for user: admin [in /mnt/c/Users/M3hrad/Documents/Dev/Job-Projects/Cosmetic-Surgent-AI/Cosmetic-Surgent-Telegram-Bot/Bot_Integrated/../secure_dashboard.py:136]
2025-07-05 10:12:56,620 ERROR: Dashboard error: no such table: users [in /mnt/c/Users/M3hrad/Documents/Dev/Job-Projects/Cosmetic-Surgent-AI/Cosmetic-Surgent-Telegram-Bot/Bot_Integrated/../secure_dashboard.py:175]
2025-07-05 10:12:56,993 ERROR: Exception on /favicon.ico [GET] [in /mnt/c/Users/M3hrad/Documents/Dev/Job-Projects/Cosmetic-Surgent-AI/Cosmetic-Surgent-Telegram-Bot/venv/lib/python3.13/site-packages/flask/app.py:875]
Traceback (most recent call last):
  File "/mnt/c/Users/M3hrad/Documents/Dev/Job-Projects/Cosmetic-Surgent-AI/Cosmetic-Surgent-Telegram-Bot/venv/lib/python3.13/site-packages/flask/app.py", line 917, in full_dispatch_request
    rv = self.dispatch_request()
  File "/mnt/c/Users/M3hrad/Documents/Dev/Job-Projects/Cosmetic-Surgent-AI/Cosmetic-Surgent-Telegram-Bot/venv/lib/python3.13/site-packages/flask/app.py", line 891, in dispatch_request
    self.raise_routing_exception(req)
    ~~~~~~~~~~~~~~~~~~~~~~~~~~~~^^^^^
  File "/mnt/c/Users/M3hrad/Documents/Dev/Job-Projects/Cosmetic-Surgent-AI/Cosmetic-Surgent-Telegram-Bot/venv/lib/python3.13/site-packages/flask/app.py", line 500, in raise_routing_exception
    raise request.routing_exception  # type: ignore[misc]
    ^^^^^^^^^^^^^^^^^^^^^^^^^^^^^^^
  File "/mnt/c/Users/M3hrad/Documents/Dev/Job-Projects/Cosmetic-Surgent-AI/Cosmetic-Surgent-Telegram-Bot/venv/lib/python3.13/site-packages/flask/ctx.py", line 362, in match_request
    result = self.url_adapter.match(return_rule=True)  # type: ignore
  File "/mnt/c/Users/M3hrad/Documents/Dev/Job-Projects/Cosmetic-Surgent-AI/Cosmetic-Surgent-Telegram-Bot/venv/lib/python3.13/site-packages/werkzeug/routing/map.py", line 629, in match
    raise NotFound() from None
werkzeug.exceptions.NotFound: 404 Not Found: The requested URL was not found on the server. If you entered the URL manually please check your spelling and try again.

During handling of the above exception, another exception occurred:

Traceback (most recent call last):
  File "/mnt/c/Users/M3hrad/Documents/Dev/Job-Projects/Cosmetic-Surgent-AI/Cosmetic-Surgent-Telegram-Bot/venv/lib/python3.13/site-packages/flask/app.py", line 1511, in wsgi_app
    response = self.full_dispatch_request()
  File "/mnt/c/Users/M3hrad/Documents/Dev/Job-Projects/Cosmetic-Surgent-AI/Cosmetic-Surgent-Telegram-Bot/venv/lib/python3.13/site-packages/flask/app.py", line 919, in full_dispatch_request
    rv = self.handle_user_exception(e)
  File "/mnt/c/Users/M3hrad/Documents/Dev/Job-Projects/Cosmetic-Surgent-AI/Cosmetic-Surgent-Telegram-Bot/venv/lib/python3.13/site-packages/flask/app.py", line 802, in handle_user_exception
    return self.handle_http_exception(e)
           ~~~~~~~~~~~~~~~~~~~~~~~~~~^^^
  File "/mnt/c/Users/M3hrad/Documents/Dev/Job-Projects/Cosmetic-Surgent-AI/Cosmetic-Surgent-Telegram-Bot/venv/lib/python3.13/site-packages/flask/app.py", line 777, in handle_http_exception
    return self.ensure_sync(handler)(e)  # type: ignore[no-any-return]
           ~~~~~~~~~~~~~~~~~~~~~~~~~^^^
  File "/mnt/c/Users/M3hrad/Documents/Dev/Job-Projects/Cosmetic-Surgent-AI/Cosmetic-Surgent-Telegram-Bot/Bot_Integrated/../secure_dashboard.py", line 114, in not_found_error
    return render_template('404.html'), 404
           ~~~~~~~~~~~~~~~^^^^^^^^^^^^
  File "/mnt/c/Users/M3hrad/Documents/Dev/Job-Projects/Cosmetic-Surgent-AI/Cosmetic-Surgent-Telegram-Bot/venv/lib/python3.13/site-packages/flask/templating.py", line 149, in render_template
    template = app.jinja_env.get_or_select_template(template_name_or_list)
  File "/mnt/c/Users/M3hrad/Documents/Dev/Job-Projects/Cosmetic-Surgent-AI/Cosmetic-Surgent-Telegram-Bot/venv/lib/python3.13/site-packages/jinja2/environment.py", line 1087, in get_or_select_template
    return self.get_template(template_name_or_list, parent, globals)
           ~~~~~~~~~~~~~~~~~^^^^^^^^^^^^^^^^^^^^^^^^^^^^^^^^^^^^^^^^
  File "/mnt/c/Users/M3hrad/Documents/Dev/Job-Projects/Cosmetic-Surgent-AI/Cosmetic-Surgent-Telegram-Bot/venv/lib/python3.13/site-packages/jinja2/environment.py", line 1016, in get_template
    return self._load_template(name, globals)
           ~~~~~~~~~~~~~~~~~~~^^^^^^^^^^^^^^^
  File "/mnt/c/Users/M3hrad/Documents/Dev/Job-Projects/Cosmetic-Surgent-AI/Cosmetic-Surgent-Telegram-Bot/venv/lib/python3.13/site-packages/jinja2/environment.py", line 975, in _load_template
    template = self.loader.load(self, name, self.make_globals(globals))
  File "/mnt/c/Users/M3hrad/Documents/Dev/Job-Projects/Cosmetic-Surgent-AI/Cosmetic-Surgent-Telegram-Bot/venv/lib/python3.13/site-packages/jinja2/loaders.py", line 126, in load
    source, filename, uptodate = self.get_source(environment, name)
                                 ~~~~~~~~~~~~~~~^^^^^^^^^^^^^^^^^^^
  File "/mnt/c/Users/M3hrad/Documents/Dev/Job-Projects/Cosmetic-Surgent-AI/Cosmetic-Surgent-Telegram-Bot/venv/lib/python3.13/site-packages/flask/templating.py", line 65, in get_source
    return self._get_source_fast(environment, template)
           ~~~~~~~~~~~~~~~~~~~~~^^^^^^^^^^^^^^^^^^^^^^^
  File "/mnt/c/Users/M3hrad/Documents/Dev/Job-Projects/Cosmetic-Surgent-AI/Cosmetic-Surgent-Telegram-Bot/venv/lib/python3.13/site-packages/flask/templating.py", line 99, in _get_source_fast
    raise TemplateNotFound(template)
jinja2.exceptions.TemplateNotFound: 404.html
2025-07-05 10:12:57,001 ERROR: Server Error: 500 Internal Server Error: The server encountered an internal error and was unable to complete your request. Either the server is overloaded or there is an error in the application. [in /mnt/c/Users/M3hrad/Documents/Dev/Job-Projects/Cosmetic-Surgent-AI/Cosmetic-Surgent-Telegram-Bot/Bot_Integrated/../secure_dashboard.py:118]
